<?xml version="1.0" encoding="UTF-8"?>
<!-- Generated by org.testng.reporters.JUnitReportReporter -->
<testsuite skipped="0" hostname="HP15-BS-7TH-GEN" name="TestSuite.Travel" tests="1" failures="0" timestamp="2022-03-17T17:51:25 IST" time="105.245" errors="0">
  <testcase name="testing" time="105.245" classname="TestSuite.Travel"/>
  <system-out/>
</testsuite> <!-- TestSuite.Travel -->
